<?xml version="1.0" encoding="UTF-8"?>
<!-- Generated by org.testng.reporters.JUnitXMLReporter -->
<testsuite ignored="0" hostname="LAPTOP-10D5J3HQ" failures="0" tests="4" name="Test" time="0.247" errors="0" timestamp="2026-03-03T16:31:59 IST">
  <testcase classname="TestNGUse.InvocationCount" name="Test1" time="0.029"/>
  <testcase classname="TestNGUse.InvocationCount" name="Test1" time="0.01"/>
  <testcase classname="TestNGUse.InvocationCount" name="Test2" time="0.007"/>
  <testcase classname="TestNGUse.InvocationCount" name="Test3" time="0.008"/>
</testsuite> <!-- Test -->
