<?xml version="1.0" encoding="UTF-8"?>
<testng-results ignored="0" total="1" passed="1" failed="0" skipped="0">
  <reporter-output>
  </reporter-output>
  <suite started-at="2026-04-12T11:58:21 IST" name="Default suite" finished-at="2026-04-12T11:58:25 IST" duration-ms="4838">
    <groups>
    </groups>
    <test started-at="2026-04-12T11:58:21 IST" name="Default test" finished-at="2026-04-12T11:58:25 IST" duration-ms="4838">
      <class name="RestAPI.ValidateGetRequest">
        <test-method is-config="true" signature="setup()[pri:0, instance:RestAPI.ValidateGetRequest@7770f470]" started-at="2026-04-12T11:58:21 IST" name="setup" finished-at="2026-04-12T11:58:22 IST" duration-ms="874" status="PASS">
          <reporter-output>
          </reporter-output>
        </test-method> <!-- setup -->
        <test-method signature="getPostById()[pri:0, instance:RestAPI.ValidateGetRequest@7770f470]" started-at="2026-04-12T11:58:22 IST" name="getPostById" finished-at="2026-04-12T11:58:25 IST" duration-ms="3887" status="PASS">
          <reporter-output>
          </reporter-output>
        </test-method> <!-- getPostById -->
      </class> <!-- RestAPI.ValidateGetRequest -->
    </test> <!-- Default test -->
  </suite> <!-- Default suite -->
</testng-results>
