<?xml version="1.0" encoding="UTF-8"?>
<!-- Generated by org.testng.reporters.JUnitReportReporter -->
<testsuite hostname="LAPTOP-10D5J3HQ" failures="0" tests="4" name="TestNGUse.InvocationCount" time="0.054" errors="0" timestamp="2026-03-03T16:31:59 IST" skipped="0">
  <testcase classname="TestNGUse.InvocationCount" name="Test2" time="0.007"/>
  <testcase classname="TestNGUse.InvocationCount" name="Test3" time="0.008"/>
  <testcase classname="TestNGUse.InvocationCount" name="Test1" time="0.029"/>
  <testcase classname="TestNGUse.InvocationCount" name="Test1" time="0.010"/>
</testsuite> <!-- TestNGUse.InvocationCount -->
